[debug] [2023-05-29T06:32:16.820Z] ----------------------------------------------------------------------
[debug] [2023-05-29T06:32:16.823Z] Command:       C:\Program Files\nodejs\node.exe C:\Users\aryan\AppData\Roaming\npm\node_modules\firebase-tools\lib\bin\firebase.js init
[debug] [2023-05-29T06:32:16.824Z] CLI Version:   12.2.1
[debug] [2023-05-29T06:32:16.824Z] Platform:      win32
[debug] [2023-05-29T06:32:16.824Z] Node Version:  v16.13.1
[debug] [2023-05-29T06:32:16.825Z] Time:          Mon May 29 2023 12:02:16 GMT+0530 (India Standard Time)
[debug] [2023-05-29T06:32:16.825Z] ----------------------------------------------------------------------
[debug] 
[debug] [2023-05-29T06:32:16.832Z] > command requires scopes: ["email","openid","https://www.googleapis.com/auth/cloudplatformprojects.readonly","https://www.googleapis.com/auth/firebase","https://www.googleapis.com/auth/cloud-platform"]
[debug] [2023-05-29T06:32:16.832Z] > authorizing via signed-in user (aryan03102001@gmail.com)
[info] 
     ######## #### ########  ######## ########     ###     ######  ########
     ##        ##  ##     ## ##       ##     ##  ##   ##  ##       ##
     ######    ##  ########  ######   ########  #########  ######  ######
     ##        ##  ##    ##  ##       ##     ## ##     ##       ## ##
     ##       #### ##     ## ######## ########  ##     ##  ######  ########

You're about to initialize a Firebase project in this directory:

  C:\Users\aryan\Downloads\React-Beginner-Course-2022-episode17\React-Beginner-Course-2022-episode17

[info] 
=== Project Setup
[info] 
[info] First, let's associate this project directory with a Firebase project.
[info] You can create multiple project aliases by running firebase use --add, 
[info] but for now we'll just set up a default project.
[info] 
[debug] [2023-05-29T06:34:05.897Z] >>> [apiv2][query] GET https://firebase.googleapis.com/v1beta1/projects pageSize=100
[debug] [2023-05-29T06:34:06.979Z] <<< [apiv2][status] GET https://firebase.googleapis.com/v1beta1/projects 200
[debug] [2023-05-29T06:34:06.979Z] <<< [apiv2][body] GET https://firebase.googleapis.com/v1beta1/projects [omitted]
[info] i  Using project react-social-44a6b (react-social) 
[info] 
=== Hosting Setup
[info] 
[info] Your public directory is the folder (relative to your project directory) that
[info] will contain Hosting assets to be uploaded with firebase deploy. If you
[info] have a build process for your assets, use your build's output directory.
[info] 
[info] +  Wrote public/404.html 
[debug] [2023-05-29T06:35:25.158Z] >>> [apiv2][query] GET https://www.gstatic.com/firebasejs/releases.json [none]
[debug] [2023-05-29T06:35:25.480Z] <<< [apiv2][status] GET https://www.gstatic.com/firebasejs/releases.json 200
[debug] [2023-05-29T06:35:25.480Z] <<< [apiv2][body] GET https://www.gstatic.com/firebasejs/releases.json {"current":{"version":"9.22.1","browserURL":"https://www.gstatic.com/firebasejs/9.22.1/firebase.js","packageURL":"https://www.gstatic.com/firebasejs/9.22.1/firebase.tgz"},"live":{"version":"9.22","browserURL":"https://www.gstatic.com/firebasejs/live/9.22/firebase.js","packageURL":"https://www.gstatic.com/firebasejs/live/9.22/firebase.tgz"},"components":{"analytics":"https://www.gstatic.com/firebasejs/9.22.1/firebase-analytics.js","app":"https://www.gstatic.com/firebasejs/9.22.1/firebase-app.js","app-check":"https://www.gstatic.com/firebasejs/9.22.1/firebase-app-check.js","auth":"https://www.gstatic.com/firebasejs/9.22.1/firebase-auth.js","auth/cordova":"https://www.gstatic.com/firebasejs/9.22.1/firebase-auth/cordova.js","auth/react-native":"https://www.gstatic.com/firebasejs/9.22.1/firebase-auth/react-native.js","functions":"https://www.gstatic.com/firebasejs/9.22.1/firebase-functions.js","firestore":"https://www.gstatic.com/firebasejs/9.22.1/firebase-firestore.js","firestore/lite":"https://www.gstatic.com/firebasejs/9.22.1/firebase-firestore/lite.js","installations":"https://www.gstatic.com/firebasejs/9.22.1/firebase-installations.js","storage":"https://www.gstatic.com/firebasejs/9.22.1/firebase-storage.js","performance":"https://www.gstatic.com/firebasejs/9.22.1/firebase-performance.js","remote-config":"https://www.gstatic.com/firebasejs/9.22.1/firebase-remote-config.js","messaging":"https://www.gstatic.com/firebasejs/9.22.1/firebase-messaging.js","messaging/sw":"https://www.gstatic.com/firebasejs/9.22.1/firebase-messaging/sw.js","database":"https://www.gstatic.com/firebasejs/9.22.1/firebase-database.js","firestore.memory":"https://www.gstatic.com/firebasejs/9.22.1/firebase-firestore.memory.js"}}
[info] i  Skipping write of public/index.html 
[info] 
[info] i  Didn't detect a .git folder. Assuming C:\Users\aryan\Downloads\React-Beginner-Course-2022-episode17\React-Beginner-Course-2022-episode17 is the project root. 
[info] i  Authorizing with GitHub to upload your service account to a GitHub repository's secrets store. 
[info] 
[info] Visit this URL on this device to log in:
[info] https://github.com/login/oauth/authorize?client_id=89cf50f02ac6aaed3484&state=174676669&redirect_uri=http%3A%2F%2Flocalhost%3A9005&scope=read%3Auser%20repo%20public_repo
[info] 
[info] Waiting for authentication...
[debug] [2023-05-29T06:36:11.171Z] >>> [apiv2][query] POST https://github.com/login/oauth/access_token [none]
[debug] [2023-05-29T06:36:11.172Z] >>> [apiv2][body] POST https://github.com/login/oauth/access_token [stream]
[debug] [2023-05-29T06:36:11.994Z] <<< [apiv2][status] POST https://github.com/login/oauth/access_token 200
[debug] [2023-05-29T06:36:11.994Z] <<< [apiv2][body] POST https://github.com/login/oauth/access_token {"access_token":"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","token_type":"bearer","scope":"read:user,repo"}
[debug] [2023-05-29T06:36:12.003Z] >>> [apiv2][query] GET https://api.github.com/user [none]
[debug] [2023-05-29T06:36:12.752Z] <<< [apiv2][status] GET https://api.github.com/user 200
[debug] [2023-05-29T06:36:12.752Z] <<< [apiv2][body] GET https://api.github.com/user {"login":"Aryangupta03","id":97233432,"node_id":"U_kgDOBcuqGA","avatar_url":"https://avatars.githubusercontent.com/u/97233432?v=4","gravatar_id":"","url":"https://api.github.com/users/Aryangupta03","html_url":"https://github.com/Aryangupta03","followers_url":"https://api.github.com/users/Aryangupta03/followers","following_url":"https://api.github.com/users/Aryangupta03/following{/other_user}","gists_url":"https://api.github.com/users/Aryangupta03/gists{/gist_id}","starred_url":"https://api.github.com/users/Aryangupta03/starred{/owner}{/repo}","subscriptions_url":"https://api.github.com/users/Aryangupta03/subscriptions","organizations_url":"https://api.github.com/users/Aryangupta03/orgs","repos_url":"https://api.github.com/users/Aryangupta03/repos","events_url":"https://api.github.com/users/Aryangupta03/events{/privacy}","received_events_url":"https://api.github.com/users/Aryangupta03/received_events","type":"User","site_admin":false,"name":null,"company":null,"blog":"","location":null,"email":null,"hireable":null,"bio":null,"twitter_username":null,"public_repos":5,"public_gists":0,"followers":0,"following":0,"created_at":"2022-01-06T12:57:48Z","updated_at":"2023-05-13T09:02:19Z","private_gists":0,"total_private_repos":1,"owned_private_repos":1,"disk_usage":7104,"collaborators":0,"two_factor_authentication":false,"plan":{"name":"free","space":976562499,"collaborators":0,"private_repos":10000}}
[info] 
[info] +  Success! Logged into GitHub as Aryangupta03 
[info] 
